Traceback (most recent call last):
  File "/home/c-akshit/assn2/spring2024-assignment2-systems/cs336-systems/cs336_systems/naive_ddp.py", line 147, in <module>
    main()
  File "/home/c-akshit/assn2/spring2024-assignment2-systems/cs336-systems/cs336_systems/naive_ddp.py", line 144, in main
    ddp(args)
  File "/home/c-akshit/assn2/spring2024-assignment2-systems/cs336-systems/cs336_systems/naive_ddp.py", line 138, in ddp
    print(assertion_passed)
NameError: name 'assertion_passed' is not defined
Traceback (most recent call last):
  File "/home/c-akshit/assn2/spring2024-assignment2-systems/cs336-systems/cs336_systems/naive_ddp.py", line 147, in <module>
    main()
  File "/home/c-akshit/assn2/spring2024-assignment2-systems/cs336-systems/cs336_systems/naive_ddp.py", line 144, in main
Traceback (most recent call last):
  File "/home/c-akshit/assn2/spring2024-assignment2-systems/cs336-systems/cs336_systems/naive_ddp.py", line 147, in <module>
    ddp(args)
  File "/home/c-akshit/assn2/spring2024-assignment2-systems/cs336-systems/cs336_systems/naive_ddp.py", line 138, in ddp
    main()
  File "/home/c-akshit/assn2/spring2024-assignment2-systems/cs336-systems/cs336_systems/naive_ddp.py", line 144, in main
    print(assertion_passed)
    ddp(args)
  File "/home/c-akshit/assn2/spring2024-assignment2-systems/cs336-systems/cs336_systems/naive_ddp.py", line 138, in ddp
NameError: name 'assertion_passed' is not defined
    print(assertion_passed)
NameError: name 'assertion_passed' is not defined
Traceback (most recent call last):
  File "/home/c-akshit/assn2/spring2024-assignment2-systems/cs336-systems/cs336_systems/naive_ddp.py", line 147, in <module>
    main()
  File "/home/c-akshit/assn2/spring2024-assignment2-systems/cs336-systems/cs336_systems/naive_ddp.py", line 144, in main
    ddp(args)
  File "/home/c-akshit/assn2/spring2024-assignment2-systems/cs336-systems/cs336_systems/naive_ddp.py", line 138, in ddp
    print(assertion_passed)
NameError: name 'assertion_passed' is not defined
srun: error: ad12a3ca-02: task 2: Exited with exit code 1
srun: error: ad12a3ca-01: task 1: Exited with exit code 1
srun: error: ad12a3ca-01: task 0: Exited with exit code 1
srun: error: ad12a3ca-02: task 3: Exited with exit code 1
mv: cannot stat 'distr*out': No such file or directory
mv: cannot stat 'distr*err': No such file or directory
